

Started GET "/" for 127.0.0.1 at 2014-03-22 21:04:06 -0400

ActiveRecord::PendingMigrationError (Migrations are pending; run 'bin/rake db:migrate RAILS_ENV=development' to resolve this issue.):
  activerecord (4.0.2) lib/active_record/migration.rb:379:in `check_pending!'
  activerecord (4.0.2) lib/active_record/migration.rb:366:in `call'
  actionpack (4.0.2) lib/action_dispatch/middleware/callbacks.rb:29:in `block in call'
  activesupport (4.0.2) lib/active_support/callbacks.rb:373:in `_run__4354732244419229092__call__callbacks'
  activesupport (4.0.2) lib/active_support/callbacks.rb:80:in `run_callbacks'
  actionpack (4.0.2) lib/action_dispatch/middleware/callbacks.rb:27:in `call'
  actionpack (4.0.2) lib/action_dispatch/middleware/reloader.rb:64:in `call'
  actionpack (4.0.2) lib/action_dispatch/middleware/remote_ip.rb:76:in `call'
  actionpack (4.0.2) lib/action_dispatch/middleware/debug_exceptions.rb:17:in `call'
  actionpack (4.0.2) lib/action_dispatch/middleware/show_exceptions.rb:30:in `call'
  railties (4.0.2) lib/rails/rack/logger.rb:38:in `call_app'
  railties (4.0.2) lib/rails/rack/logger.rb:20:in `block in call'
  activesupport (4.0.2) lib/active_support/tagged_logging.rb:67:in `block in tagged'
  activesupport (4.0.2) lib/active_support/tagged_logging.rb:25:in `tagged'
  activesupport (4.0.2) lib/active_support/tagged_logging.rb:67:in `tagged'
  railties (4.0.2) lib/rails/rack/logger.rb:20:in `call'
  actionpack (4.0.2) lib/action_dispatch/middleware/request_id.rb:21:in `call'
  rack (1.5.2) lib/rack/methodoverride.rb:21:in `call'
  rack (1.5.2) lib/rack/runtime.rb:17:in `call'
  activesupport (4.0.2) lib/active_support/cache/strategy/local_cache.rb:83:in `call'
  rack (1.5.2) lib/rack/lock.rb:17:in `call'
  actionpack (4.0.2) lib/action_dispatch/middleware/static.rb:64:in `call'
  rack (1.5.2) lib/rack/sendfile.rb:112:in `call'
  railties (4.0.2) lib/rails/engine.rb:511:in `call'
  railties (4.0.2) lib/rails/application.rb:97:in `call'
  rack (1.5.2) lib/rack/lock.rb:17:in `call'
  rack (1.5.2) lib/rack/content_length.rb:14:in `call'
  rack (1.5.2) lib/rack/handler/webrick.rb:60:in `service'
  /Users/spectralnischay/.rvm/rubies/ruby-1.9.3-p429/lib/ruby/1.9.1/webrick/httpserver.rb:138:in `service'
  /Users/spectralnischay/.rvm/rubies/ruby-1.9.3-p429/lib/ruby/1.9.1/webrick/httpserver.rb:94:in `run'
  /Users/spectralnischay/.rvm/rubies/ruby-1.9.3-p429/lib/ruby/1.9.1/webrick/server.rb:191:in `block in start_thread'


  Rendered /Users/spectralnischay/.rvm/gems/ruby-1.9.3-p429@rails3tutorial2ndEd/gems/actionpack-4.0.2/lib/action_dispatch/middleware/templates/rescues/_source.erb (0.8ms)
  Rendered /Users/spectralnischay/.rvm/gems/ruby-1.9.3-p429@rails3tutorial2ndEd/gems/actionpack-4.0.2/lib/action_dispatch/middleware/templates/rescues/_trace.erb (1.1ms)
  Rendered /Users/spectralnischay/.rvm/gems/ruby-1.9.3-p429@rails3tutorial2ndEd/gems/actionpack-4.0.2/lib/action_dispatch/middleware/templates/rescues/_request_and_response.erb (0.9ms)
  Rendered /Users/spectralnischay/.rvm/gems/ruby-1.9.3-p429@rails3tutorial2ndEd/gems/actionpack-4.0.2/lib/action_dispatch/middleware/templates/rescues/diagnostics.erb within rescues/layout (40.3ms)
  [1m[36m (26.7ms)[0m  [1mCREATE TABLE "schema_migrations" ("version" varchar(255) NOT NULL) [0m
  [1m[35m (9.7ms)[0m  CREATE UNIQUE INDEX "unique_schema_migrations" ON "schema_migrations" ("version")
  [1m[36mActiveRecord::SchemaMigration Load (0.3ms)[0m  [1mSELECT "schema_migrations".* FROM "schema_migrations"[0m
Migrating to CreateDoges (20140221162825)
  [1m[35m (0.1ms)[0m  begin transaction
  [1m[36m (0.6ms)[0m  [1mCREATE TABLE "doges" ("id" INTEGER PRIMARY KEY AUTOINCREMENT NOT NULL, "created_at" datetime, "updated_at" datetime) [0m
  [1m[35mSQL (41.2ms)[0m  INSERT INTO "schema_migrations" ("version") VALUES (?)  [["version", "20140221162825"]]
  [1m[36m (3.6ms)[0m  [1mcommit transaction[0m
  [1m[35mActiveRecord::SchemaMigration Load (0.1ms)[0m  SELECT "schema_migrations".* FROM "schema_migrations"


Started GET "/" for 127.0.0.1 at 2014-03-22 21:04:26 -0400
  [1m[36mActiveRecord::SchemaMigration Load (0.1ms)[0m  [1mSELECT "schema_migrations".* FROM "schema_migrations"[0m

ActionController::RoutingError (uninitialized constant WelcomeController):
  activesupport (4.0.2) lib/active_support/inflector/methods.rb:226:in `const_get'
  activesupport (4.0.2) lib/active_support/inflector/methods.rb:226:in `block in constantize'
  activesupport (4.0.2) lib/active_support/inflector/methods.rb:224:in `each'
  activesupport (4.0.2) lib/active_support/inflector/methods.rb:224:in `inject'
  activesupport (4.0.2) lib/active_support/inflector/methods.rb:224:in `constantize'
  actionpack (4.0.2) lib/action_dispatch/routing/route_set.rb:76:in `controller_reference'
  actionpack (4.0.2) lib/action_dispatch/routing/route_set.rb:66:in `controller'
  actionpack (4.0.2) lib/action_dispatch/routing/route_set.rb:44:in `call'
  actionpack (4.0.2) lib/action_dispatch/journey/router.rb:71:in `block in call'
  actionpack (4.0.2) lib/action_dispatch/journey/router.rb:59:in `each'
  actionpack (4.0.2) lib/action_dispatch/journey/router.rb:59:in `call'
  actionpack (4.0.2) lib/action_dispatch/routing/route_set.rb:680:in `call'
  rack (1.5.2) lib/rack/etag.rb:23:in `call'
  rack (1.5.2) lib/rack/conditionalget.rb:25:in `call'
  rack (1.5.2) lib/rack/head.rb:11:in `call'
  actionpack (4.0.2) lib/action_dispatch/middleware/params_parser.rb:27:in `call'
  actionpack (4.0.2) lib/action_dispatch/middleware/flash.rb:241:in `call'
  rack (1.5.2) lib/rack/session/abstract/id.rb:225:in `context'
  rack (1.5.2) lib/rack/session/abstract/id.rb:220:in `call'
  actionpack (4.0.2) lib/action_dispatch/middleware/cookies.rb:486:in `call'
  activerecord (4.0.2) lib/active_record/query_cache.rb:36:in `call'
  activerecord (4.0.2) lib/active_record/connection_adapters/abstract/connection_pool.rb:626:in `call'
  activerecord (4.0.2) lib/active_record/migration.rb:369:in `call'
  actionpack (4.0.2) lib/action_dispatch/middleware/callbacks.rb:29:in `block in call'
  activesupport (4.0.2) lib/active_support/callbacks.rb:373:in `_run__977704904206675180__call__callbacks'
  activesupport (4.0.2) lib/active_support/callbacks.rb:80:in `run_callbacks'
  actionpack (4.0.2) lib/action_dispatch/middleware/callbacks.rb:27:in `call'
  actionpack (4.0.2) lib/action_dispatch/middleware/reloader.rb:64:in `call'
  actionpack (4.0.2) lib/action_dispatch/middleware/remote_ip.rb:76:in `call'
  actionpack (4.0.2) lib/action_dispatch/middleware/debug_exceptions.rb:17:in `call'
  actionpack (4.0.2) lib/action_dispatch/middleware/show_exceptions.rb:30:in `call'
  railties (4.0.2) lib/rails/rack/logger.rb:38:in `call_app'
  railties (4.0.2) lib/rails/rack/logger.rb:20:in `block in call'
  activesupport (4.0.2) lib/active_support/tagged_logging.rb:67:in `block in tagged'
  activesupport (4.0.2) lib/active_support/tagged_logging.rb:25:in `tagged'
  activesupport (4.0.2) lib/active_support/tagged_logging.rb:67:in `tagged'
  railties (4.0.2) lib/rails/rack/logger.rb:20:in `call'
  actionpack (4.0.2) lib/action_dispatch/middleware/request_id.rb:21:in `call'
  rack (1.5.2) lib/rack/methodoverride.rb:21:in `call'
  rack (1.5.2) lib/rack/runtime.rb:17:in `call'
  activesupport (4.0.2) lib/active_support/cache/strategy/local_cache.rb:83:in `call'
  rack (1.5.2) lib/rack/lock.rb:17:in `call'
  actionpack (4.0.2) lib/action_dispatch/middleware/static.rb:64:in `call'
  rack (1.5.2) lib/rack/sendfile.rb:112:in `call'
  railties (4.0.2) lib/rails/engine.rb:511:in `call'
  railties (4.0.2) lib/rails/application.rb:97:in `call'
  rack (1.5.2) lib/rack/lock.rb:17:in `call'
  rack (1.5.2) lib/rack/content_length.rb:14:in `call'
  rack (1.5.2) lib/rack/handler/webrick.rb:60:in `service'
  /Users/spectralnischay/.rvm/rubies/ruby-1.9.3-p429/lib/ruby/1.9.1/webrick/httpserver.rb:138:in `service'
  /Users/spectralnischay/.rvm/rubies/ruby-1.9.3-p429/lib/ruby/1.9.1/webrick/httpserver.rb:94:in `run'
  /Users/spectralnischay/.rvm/rubies/ruby-1.9.3-p429/lib/ruby/1.9.1/webrick/server.rb:191:in `block in start_thread'


  Rendered /Users/spectralnischay/.rvm/gems/ruby-1.9.3-p429@rails3tutorial2ndEd/gems/actionpack-4.0.2/lib/action_dispatch/middleware/templates/rescues/_trace.erb (1.2ms)
  Rendered /Users/spectralnischay/.rvm/gems/ruby-1.9.3-p429@rails3tutorial2ndEd/gems/actionpack-4.0.2/lib/action_dispatch/middleware/templates/routes/_route.html.erb (1.2ms)
  Rendered /Users/spectralnischay/.rvm/gems/ruby-1.9.3-p429@rails3tutorial2ndEd/gems/actionpack-4.0.2/lib/action_dispatch/middleware/templates/routes/_table.html.erb (49.0ms)
  Rendered /Users/spectralnischay/.rvm/gems/ruby-1.9.3-p429@rails3tutorial2ndEd/gems/actionpack-4.0.2/lib/action_dispatch/middleware/templates/rescues/routing_error.erb within rescues/layout (90.1ms)
  [1m[36m (3.1ms)[0m  [1mDROP TABLE "doges"[0m
  [1m[35m (2.9ms)[0m  CREATE TABLE "doges" ("id" INTEGER PRIMARY KEY AUTOINCREMENT NOT NULL, "created_at" datetime, "updated_at" datetime) 
  [1m[36m (0.1ms)[0m  [1mSELECT version FROM "schema_migrations"[0m
  [1m[35mActiveRecord::SchemaMigration Load (0.1ms)[0m  SELECT "schema_migrations".* FROM "schema_migrations"
  [1m[36mActiveRecord::SchemaMigration Load (0.1ms)[0m  [1mSELECT "schema_migrations".* FROM "schema_migrations"[0m
  [1m[35mActiveRecord::SchemaMigration Load (0.1ms)[0m  SELECT "schema_migrations".* FROM "schema_migrations"


Started GET "/" for 127.0.0.1 at 2014-03-22 21:05:03 -0400

ActionController::RoutingError (uninitialized constant WelcomeController):
  activesupport (4.0.2) lib/active_support/inflector/methods.rb:226:in `const_get'
  activesupport (4.0.2) lib/active_support/inflector/methods.rb:226:in `block in constantize'
  activesupport (4.0.2) lib/active_support/inflector/methods.rb:224:in `each'
  activesupport (4.0.2) lib/active_support/inflector/methods.rb:224:in `inject'
  activesupport (4.0.2) lib/active_support/inflector/methods.rb:224:in `constantize'
  actionpack (4.0.2) lib/action_dispatch/routing/route_set.rb:76:in `controller_reference'
  actionpack (4.0.2) lib/action_dispatch/routing/route_set.rb:66:in `controller'
  actionpack (4.0.2) lib/action_dispatch/routing/route_set.rb:44:in `call'
  actionpack (4.0.2) lib/action_dispatch/journey/router.rb:71:in `block in call'
  actionpack (4.0.2) lib/action_dispatch/journey/router.rb:59:in `each'
  actionpack (4.0.2) lib/action_dispatch/journey/router.rb:59:in `call'
  actionpack (4.0.2) lib/action_dispatch/routing/route_set.rb:680:in `call'
  rack (1.5.2) lib/rack/etag.rb:23:in `call'
  rack (1.5.2) lib/rack/conditionalget.rb:25:in `call'
  rack (1.5.2) lib/rack/head.rb:11:in `call'
  actionpack (4.0.2) lib/action_dispatch/middleware/params_parser.rb:27:in `call'
  actionpack (4.0.2) lib/action_dispatch/middleware/flash.rb:241:in `call'
  rack (1.5.2) lib/rack/session/abstract/id.rb:225:in `context'
  rack (1.5.2) lib/rack/session/abstract/id.rb:220:in `call'
  actionpack (4.0.2) lib/action_dispatch/middleware/cookies.rb:486:in `call'
  activerecord (4.0.2) lib/active_record/query_cache.rb:36:in `call'
  activerecord (4.0.2) lib/active_record/connection_adapters/abstract/connection_pool.rb:626:in `call'
  activerecord (4.0.2) lib/active_record/migration.rb:369:in `call'
  actionpack (4.0.2) lib/action_dispatch/middleware/callbacks.rb:29:in `block in call'
  activesupport (4.0.2) lib/active_support/callbacks.rb:373:in `_run__977704904206675180__call__callbacks'
  activesupport (4.0.2) lib/active_support/callbacks.rb:80:in `run_callbacks'
  actionpack (4.0.2) lib/action_dispatch/middleware/callbacks.rb:27:in `call'
  actionpack (4.0.2) lib/action_dispatch/middleware/reloader.rb:64:in `call'
  actionpack (4.0.2) lib/action_dispatch/middleware/remote_ip.rb:76:in `call'
  actionpack (4.0.2) lib/action_dispatch/middleware/debug_exceptions.rb:17:in `call'
  actionpack (4.0.2) lib/action_dispatch/middleware/show_exceptions.rb:30:in `call'
  railties (4.0.2) lib/rails/rack/logger.rb:38:in `call_app'
  railties (4.0.2) lib/rails/rack/logger.rb:20:in `block in call'
  activesupport (4.0.2) lib/active_support/tagged_logging.rb:67:in `block in tagged'
  activesupport (4.0.2) lib/active_support/tagged_logging.rb:25:in `tagged'
  activesupport (4.0.2) lib/active_support/tagged_logging.rb:67:in `tagged'
  railties (4.0.2) lib/rails/rack/logger.rb:20:in `call'
  actionpack (4.0.2) lib/action_dispatch/middleware/request_id.rb:21:in `call'
  rack (1.5.2) lib/rack/methodoverride.rb:21:in `call'
  rack (1.5.2) lib/rack/runtime.rb:17:in `call'
  activesupport (4.0.2) lib/active_support/cache/strategy/local_cache.rb:83:in `call'
  rack (1.5.2) lib/rack/lock.rb:17:in `call'
  actionpack (4.0.2) lib/action_dispatch/middleware/static.rb:64:in `call'
  rack (1.5.2) lib/rack/sendfile.rb:112:in `call'
  railties (4.0.2) lib/rails/engine.rb:511:in `call'
  railties (4.0.2) lib/rails/application.rb:97:in `call'
  rack (1.5.2) lib/rack/lock.rb:17:in `call'
  rack (1.5.2) lib/rack/content_length.rb:14:in `call'
  rack (1.5.2) lib/rack/handler/webrick.rb:60:in `service'
  /Users/spectralnischay/.rvm/rubies/ruby-1.9.3-p429/lib/ruby/1.9.1/webrick/httpserver.rb:138:in `service'
  /Users/spectralnischay/.rvm/rubies/ruby-1.9.3-p429/lib/ruby/1.9.1/webrick/httpserver.rb:94:in `run'
  /Users/spectralnischay/.rvm/rubies/ruby-1.9.3-p429/lib/ruby/1.9.1/webrick/server.rb:191:in `block in start_thread'


  Rendered /Users/spectralnischay/.rvm/gems/ruby-1.9.3-p429@rails3tutorial2ndEd/gems/actionpack-4.0.2/lib/action_dispatch/middleware/templates/rescues/_trace.erb (0.9ms)
  Rendered /Users/spectralnischay/.rvm/gems/ruby-1.9.3-p429@rails3tutorial2ndEd/gems/actionpack-4.0.2/lib/action_dispatch/middleware/templates/routes/_route.html.erb (1.1ms)
  Rendered /Users/spectralnischay/.rvm/gems/ruby-1.9.3-p429@rails3tutorial2ndEd/gems/actionpack-4.0.2/lib/action_dispatch/middleware/templates/routes/_table.html.erb (13.5ms)
  Rendered /Users/spectralnischay/.rvm/gems/ruby-1.9.3-p429@rails3tutorial2ndEd/gems/actionpack-4.0.2/lib/action_dispatch/middleware/templates/rescues/routing_error.erb within rescues/layout (38.6ms)


Started GET "/" for 127.0.0.1 at 2014-03-22 21:05:12 -0400

ActionController::RoutingError (uninitialized constant WelcomeController):
  activesupport (4.0.2) lib/active_support/inflector/methods.rb:226:in `const_get'
  activesupport (4.0.2) lib/active_support/inflector/methods.rb:226:in `block in constantize'
  activesupport (4.0.2) lib/active_support/inflector/methods.rb:224:in `each'
  activesupport (4.0.2) lib/active_support/inflector/methods.rb:224:in `inject'
  activesupport (4.0.2) lib/active_support/inflector/methods.rb:224:in `constantize'
  actionpack (4.0.2) lib/action_dispatch/routing/route_set.rb:76:in `controller_reference'
  actionpack (4.0.2) lib/action_dispatch/routing/route_set.rb:66:in `controller'
  actionpack (4.0.2) lib/action_dispatch/routing/route_set.rb:44:in `call'
  actionpack (4.0.2) lib/action_dispatch/journey/router.rb:71:in `block in call'
  actionpack (4.0.2) lib/action_dispatch/journey/router.rb:59:in `each'
  actionpack (4.0.2) lib/action_dispatch/journey/router.rb:59:in `call'
  actionpack (4.0.2) lib/action_dispatch/routing/route_set.rb:680:in `call'
  rack (1.5.2) lib/rack/etag.rb:23:in `call'
  rack (1.5.2) lib/rack/conditionalget.rb:25:in `call'
  rack (1.5.2) lib/rack/head.rb:11:in `call'
  actionpack (4.0.2) lib/action_dispatch/middleware/params_parser.rb:27:in `call'
  actionpack (4.0.2) lib/action_dispatch/middleware/flash.rb:241:in `call'
  rack (1.5.2) lib/rack/session/abstract/id.rb:225:in `context'
  rack (1.5.2) lib/rack/session/abstract/id.rb:220:in `call'
  actionpack (4.0.2) lib/action_dispatch/middleware/cookies.rb:486:in `call'
  activerecord (4.0.2) lib/active_record/query_cache.rb:36:in `call'
  activerecord (4.0.2) lib/active_record/connection_adapters/abstract/connection_pool.rb:626:in `call'
  activerecord (4.0.2) lib/active_record/migration.rb:369:in `call'
  actionpack (4.0.2) lib/action_dispatch/middleware/callbacks.rb:29:in `block in call'
  activesupport (4.0.2) lib/active_support/callbacks.rb:373:in `_run__977704904206675180__call__callbacks'
  activesupport (4.0.2) lib/active_support/callbacks.rb:80:in `run_callbacks'
  actionpack (4.0.2) lib/action_dispatch/middleware/callbacks.rb:27:in `call'
  actionpack (4.0.2) lib/action_dispatch/middleware/reloader.rb:64:in `call'
  actionpack (4.0.2) lib/action_dispatch/middleware/remote_ip.rb:76:in `call'
  actionpack (4.0.2) lib/action_dispatch/middleware/debug_exceptions.rb:17:in `call'
  actionpack (4.0.2) lib/action_dispatch/middleware/show_exceptions.rb:30:in `call'
  railties (4.0.2) lib/rails/rack/logger.rb:38:in `call_app'
  railties (4.0.2) lib/rails/rack/logger.rb:20:in `block in call'
  activesupport (4.0.2) lib/active_support/tagged_logging.rb:67:in `block in tagged'
  activesupport (4.0.2) lib/active_support/tagged_logging.rb:25:in `tagged'
  activesupport (4.0.2) lib/active_support/tagged_logging.rb:67:in `tagged'
  railties (4.0.2) lib/rails/rack/logger.rb:20:in `call'
  actionpack (4.0.2) lib/action_dispatch/middleware/request_id.rb:21:in `call'
  rack (1.5.2) lib/rack/methodoverride.rb:21:in `call'
  rack (1.5.2) lib/rack/runtime.rb:17:in `call'
  activesupport (4.0.2) lib/active_support/cache/strategy/local_cache.rb:83:in `call'
  rack (1.5.2) lib/rack/lock.rb:17:in `call'
  actionpack (4.0.2) lib/action_dispatch/middleware/static.rb:64:in `call'
  rack (1.5.2) lib/rack/sendfile.rb:112:in `call'
  railties (4.0.2) lib/rails/engine.rb:511:in `call'
  railties (4.0.2) lib/rails/application.rb:97:in `call'
  rack (1.5.2) lib/rack/lock.rb:17:in `call'
  rack (1.5.2) lib/rack/content_length.rb:14:in `call'
  rack (1.5.2) lib/rack/handler/webrick.rb:60:in `service'
  /Users/spectralnischay/.rvm/rubies/ruby-1.9.3-p429/lib/ruby/1.9.1/webrick/httpserver.rb:138:in `service'
  /Users/spectralnischay/.rvm/rubies/ruby-1.9.3-p429/lib/ruby/1.9.1/webrick/httpserver.rb:94:in `run'
  /Users/spectralnischay/.rvm/rubies/ruby-1.9.3-p429/lib/ruby/1.9.1/webrick/server.rb:191:in `block in start_thread'


  Rendered /Users/spectralnischay/.rvm/gems/ruby-1.9.3-p429@rails3tutorial2ndEd/gems/actionpack-4.0.2/lib/action_dispatch/middleware/templates/rescues/_trace.erb (1.2ms)
  Rendered /Users/spectralnischay/.rvm/gems/ruby-1.9.3-p429@rails3tutorial2ndEd/gems/actionpack-4.0.2/lib/action_dispatch/middleware/templates/routes/_route.html.erb (1.2ms)
  Rendered /Users/spectralnischay/.rvm/gems/ruby-1.9.3-p429@rails3tutorial2ndEd/gems/actionpack-4.0.2/lib/action_dispatch/middleware/templates/routes/_table.html.erb (1.2ms)
  Rendered /Users/spectralnischay/.rvm/gems/ruby-1.9.3-p429@rails3tutorial2ndEd/gems/actionpack-4.0.2/lib/action_dispatch/middleware/templates/rescues/routing_error.erb within rescues/layout (24.3ms)


Started GET "/" for 127.0.0.1 at 2014-03-22 21:09:50 -0400

ActionController::RoutingError (uninitialized constant HomeController):
  activesupport (4.0.2) lib/active_support/inflector/methods.rb:226:in `const_get'
  activesupport (4.0.2) lib/active_support/inflector/methods.rb:226:in `block in constantize'
  activesupport (4.0.2) lib/active_support/inflector/methods.rb:224:in `each'
  activesupport (4.0.2) lib/active_support/inflector/methods.rb:224:in `inject'
  activesupport (4.0.2) lib/active_support/inflector/methods.rb:224:in `constantize'
  actionpack (4.0.2) lib/action_dispatch/routing/route_set.rb:76:in `controller_reference'
  actionpack (4.0.2) lib/action_dispatch/routing/route_set.rb:66:in `controller'
  actionpack (4.0.2) lib/action_dispatch/routing/route_set.rb:44:in `call'
  actionpack (4.0.2) lib/action_dispatch/journey/router.rb:71:in `block in call'
  actionpack (4.0.2) lib/action_dispatch/journey/router.rb:59:in `each'
  actionpack (4.0.2) lib/action_dispatch/journey/router.rb:59:in `call'
  actionpack (4.0.2) lib/action_dispatch/routing/route_set.rb:680:in `call'
  rack (1.5.2) lib/rack/etag.rb:23:in `call'
  rack (1.5.2) lib/rack/conditionalget.rb:25:in `call'
  rack (1.5.2) lib/rack/head.rb:11:in `call'
  actionpack (4.0.2) lib/action_dispatch/middleware/params_parser.rb:27:in `call'
  actionpack (4.0.2) lib/action_dispatch/middleware/flash.rb:241:in `call'
  rack (1.5.2) lib/rack/session/abstract/id.rb:225:in `context'
  rack (1.5.2) lib/rack/session/abstract/id.rb:220:in `call'
  actionpack (4.0.2) lib/action_dispatch/middleware/cookies.rb:486:in `call'
  activerecord (4.0.2) lib/active_record/query_cache.rb:36:in `call'
  activerecord (4.0.2) lib/active_record/connection_adapters/abstract/connection_pool.rb:626:in `call'
  activerecord (4.0.2) lib/active_record/migration.rb:369:in `call'
  actionpack (4.0.2) lib/action_dispatch/middleware/callbacks.rb:29:in `block in call'
  activesupport (4.0.2) lib/active_support/callbacks.rb:373:in `_run__977704904206675180__call__callbacks'
  activesupport (4.0.2) lib/active_support/callbacks.rb:80:in `run_callbacks'
  actionpack (4.0.2) lib/action_dispatch/middleware/callbacks.rb:27:in `call'
  actionpack (4.0.2) lib/action_dispatch/middleware/reloader.rb:64:in `call'
  actionpack (4.0.2) lib/action_dispatch/middleware/remote_ip.rb:76:in `call'
  actionpack (4.0.2) lib/action_dispatch/middleware/debug_exceptions.rb:17:in `call'
  actionpack (4.0.2) lib/action_dispatch/middleware/show_exceptions.rb:30:in `call'
  railties (4.0.2) lib/rails/rack/logger.rb:38:in `call_app'
  railties (4.0.2) lib/rails/rack/logger.rb:20:in `block in call'
  activesupport (4.0.2) lib/active_support/tagged_logging.rb:67:in `block in tagged'
  activesupport (4.0.2) lib/active_support/tagged_logging.rb:25:in `tagged'
  activesupport (4.0.2) lib/active_support/tagged_logging.rb:67:in `tagged'
  railties (4.0.2) lib/rails/rack/logger.rb:20:in `call'
  actionpack (4.0.2) lib/action_dispatch/middleware/request_id.rb:21:in `call'
  rack (1.5.2) lib/rack/methodoverride.rb:21:in `call'
  rack (1.5.2) lib/rack/runtime.rb:17:in `call'
  activesupport (4.0.2) lib/active_support/cache/strategy/local_cache.rb:83:in `call'
  rack (1.5.2) lib/rack/lock.rb:17:in `call'
  actionpack (4.0.2) lib/action_dispatch/middleware/static.rb:64:in `call'
  rack (1.5.2) lib/rack/sendfile.rb:112:in `call'
  railties (4.0.2) lib/rails/engine.rb:511:in `call'
  railties (4.0.2) lib/rails/application.rb:97:in `call'
  rack (1.5.2) lib/rack/lock.rb:17:in `call'
  rack (1.5.2) lib/rack/content_length.rb:14:in `call'
  rack (1.5.2) lib/rack/handler/webrick.rb:60:in `service'
  /Users/spectralnischay/.rvm/rubies/ruby-1.9.3-p429/lib/ruby/1.9.1/webrick/httpserver.rb:138:in `service'
  /Users/spectralnischay/.rvm/rubies/ruby-1.9.3-p429/lib/ruby/1.9.1/webrick/httpserver.rb:94:in `run'
  /Users/spectralnischay/.rvm/rubies/ruby-1.9.3-p429/lib/ruby/1.9.1/webrick/server.rb:191:in `block in start_thread'


  Rendered /Users/spectralnischay/.rvm/gems/ruby-1.9.3-p429@rails3tutorial2ndEd/gems/actionpack-4.0.2/lib/action_dispatch/middleware/templates/rescues/_trace.erb (14.1ms)
  Rendered /Users/spectralnischay/.rvm/gems/ruby-1.9.3-p429@rails3tutorial2ndEd/gems/actionpack-4.0.2/lib/action_dispatch/middleware/templates/routes/_route.html.erb (1.1ms)
  Rendered /Users/spectralnischay/.rvm/gems/ruby-1.9.3-p429@rails3tutorial2ndEd/gems/actionpack-4.0.2/lib/action_dispatch/middleware/templates/routes/_table.html.erb (1.2ms)
  Rendered /Users/spectralnischay/.rvm/gems/ruby-1.9.3-p429@rails3tutorial2ndEd/gems/actionpack-4.0.2/lib/action_dispatch/middleware/templates/rescues/routing_error.erb within rescues/layout (41.4ms)


Started GET "/" for 127.0.0.1 at 2014-03-22 21:10:38 -0400

ActionController::RoutingError (uninitialized constant DogeController):
  activesupport (4.0.2) lib/active_support/inflector/methods.rb:226:in `const_get'
  activesupport (4.0.2) lib/active_support/inflector/methods.rb:226:in `block in constantize'
  activesupport (4.0.2) lib/active_support/inflector/methods.rb:224:in `each'
  activesupport (4.0.2) lib/active_support/inflector/methods.rb:224:in `inject'
  activesupport (4.0.2) lib/active_support/inflector/methods.rb:224:in `constantize'
  actionpack (4.0.2) lib/action_dispatch/routing/route_set.rb:76:in `controller_reference'
  actionpack (4.0.2) lib/action_dispatch/routing/route_set.rb:66:in `controller'
  actionpack (4.0.2) lib/action_dispatch/routing/route_set.rb:44:in `call'
  actionpack (4.0.2) lib/action_dispatch/journey/router.rb:71:in `block in call'
  actionpack (4.0.2) lib/action_dispatch/journey/router.rb:59:in `each'
  actionpack (4.0.2) lib/action_dispatch/journey/router.rb:59:in `call'
  actionpack (4.0.2) lib/action_dispatch/routing/route_set.rb:680:in `call'
  rack (1.5.2) lib/rack/etag.rb:23:in `call'
  rack (1.5.2) lib/rack/conditionalget.rb:25:in `call'
  rack (1.5.2) lib/rack/head.rb:11:in `call'
  actionpack (4.0.2) lib/action_dispatch/middleware/params_parser.rb:27:in `call'
  actionpack (4.0.2) lib/action_dispatch/middleware/flash.rb:241:in `call'
  rack (1.5.2) lib/rack/session/abstract/id.rb:225:in `context'
  rack (1.5.2) lib/rack/session/abstract/id.rb:220:in `call'
  actionpack (4.0.2) lib/action_dispatch/middleware/cookies.rb:486:in `call'
  activerecord (4.0.2) lib/active_record/query_cache.rb:36:in `call'
  activerecord (4.0.2) lib/active_record/connection_adapters/abstract/connection_pool.rb:626:in `call'
  activerecord (4.0.2) lib/active_record/migration.rb:369:in `call'
  actionpack (4.0.2) lib/action_dispatch/middleware/callbacks.rb:29:in `block in call'
  activesupport (4.0.2) lib/active_support/callbacks.rb:373:in `_run__977704904206675180__call__callbacks'
  activesupport (4.0.2) lib/active_support/callbacks.rb:80:in `run_callbacks'
  actionpack (4.0.2) lib/action_dispatch/middleware/callbacks.rb:27:in `call'
  actionpack (4.0.2) lib/action_dispatch/middleware/reloader.rb:64:in `call'
  actionpack (4.0.2) lib/action_dispatch/middleware/remote_ip.rb:76:in `call'
  actionpack (4.0.2) lib/action_dispatch/middleware/debug_exceptions.rb:17:in `call'
  actionpack (4.0.2) lib/action_dispatch/middleware/show_exceptions.rb:30:in `call'
  railties (4.0.2) lib/rails/rack/logger.rb:38:in `call_app'
  railties (4.0.2) lib/rails/rack/logger.rb:20:in `block in call'
  activesupport (4.0.2) lib/active_support/tagged_logging.rb:67:in `block in tagged'
  activesupport (4.0.2) lib/active_support/tagged_logging.rb:25:in `tagged'
  activesupport (4.0.2) lib/active_support/tagged_logging.rb:67:in `tagged'
  railties (4.0.2) lib/rails/rack/logger.rb:20:in `call'
  actionpack (4.0.2) lib/action_dispatch/middleware/request_id.rb:21:in `call'
  rack (1.5.2) lib/rack/methodoverride.rb:21:in `call'
  rack (1.5.2) lib/rack/runtime.rb:17:in `call'
  activesupport (4.0.2) lib/active_support/cache/strategy/local_cache.rb:83:in `call'
  rack (1.5.2) lib/rack/lock.rb:17:in `call'
  actionpack (4.0.2) lib/action_dispatch/middleware/static.rb:64:in `call'
  rack (1.5.2) lib/rack/sendfile.rb:112:in `call'
  railties (4.0.2) lib/rails/engine.rb:511:in `call'
  railties (4.0.2) lib/rails/application.rb:97:in `call'
  rack (1.5.2) lib/rack/lock.rb:17:in `call'
  rack (1.5.2) lib/rack/content_length.rb:14:in `call'
  rack (1.5.2) lib/rack/handler/webrick.rb:60:in `service'
  /Users/spectralnischay/.rvm/rubies/ruby-1.9.3-p429/lib/ruby/1.9.1/webrick/httpserver.rb:138:in `service'
  /Users/spectralnischay/.rvm/rubies/ruby-1.9.3-p429/lib/ruby/1.9.1/webrick/httpserver.rb:94:in `run'
  /Users/spectralnischay/.rvm/rubies/ruby-1.9.3-p429/lib/ruby/1.9.1/webrick/server.rb:191:in `block in start_thread'


  Rendered /Users/spectralnischay/.rvm/gems/ruby-1.9.3-p429@rails3tutorial2ndEd/gems/actionpack-4.0.2/lib/action_dispatch/middleware/templates/rescues/_trace.erb (1.0ms)
  Rendered /Users/spectralnischay/.rvm/gems/ruby-1.9.3-p429@rails3tutorial2ndEd/gems/actionpack-4.0.2/lib/action_dispatch/middleware/templates/routes/_route.html.erb (1.1ms)
  Rendered /Users/spectralnischay/.rvm/gems/ruby-1.9.3-p429@rails3tutorial2ndEd/gems/actionpack-4.0.2/lib/action_dispatch/middleware/templates/routes/_table.html.erb (1.1ms)
  Rendered /Users/spectralnischay/.rvm/gems/ruby-1.9.3-p429@rails3tutorial2ndEd/gems/actionpack-4.0.2/lib/action_dispatch/middleware/templates/rescues/routing_error.erb within rescues/layout (23.7ms)


Started GET "/" for 127.0.0.1 at 2014-03-22 21:10:39 -0400

ActionController::RoutingError (uninitialized constant DogeController):
  activesupport (4.0.2) lib/active_support/inflector/methods.rb:226:in `const_get'
  activesupport (4.0.2) lib/active_support/inflector/methods.rb:226:in `block in constantize'
  activesupport (4.0.2) lib/active_support/inflector/methods.rb:224:in `each'
  activesupport (4.0.2) lib/active_support/inflector/methods.rb:224:in `inject'
  activesupport (4.0.2) lib/active_support/inflector/methods.rb:224:in `constantize'
  actionpack (4.0.2) lib/action_dispatch/routing/route_set.rb:76:in `controller_reference'
  actionpack (4.0.2) lib/action_dispatch/routing/route_set.rb:66:in `controller'
  actionpack (4.0.2) lib/action_dispatch/routing/route_set.rb:44:in `call'
  actionpack (4.0.2) lib/action_dispatch/journey/router.rb:71:in `block in call'
  actionpack (4.0.2) lib/action_dispatch/journey/router.rb:59:in `each'
  actionpack (4.0.2) lib/action_dispatch/journey/router.rb:59:in `call'
  actionpack (4.0.2) lib/action_dispatch/routing/route_set.rb:680:in `call'
  rack (1.5.2) lib/rack/etag.rb:23:in `call'
  rack (1.5.2) lib/rack/conditionalget.rb:25:in `call'
  rack (1.5.2) lib/rack/head.rb:11:in `call'
  actionpack (4.0.2) lib/action_dispatch/middleware/params_parser.rb:27:in `call'
  actionpack (4.0.2) lib/action_dispatch/middleware/flash.rb:241:in `call'
  rack (1.5.2) lib/rack/session/abstract/id.rb:225:in `context'
  rack (1.5.2) lib/rack/session/abstract/id.rb:220:in `call'
  actionpack (4.0.2) lib/action_dispatch/middleware/cookies.rb:486:in `call'
  activerecord (4.0.2) lib/active_record/query_cache.rb:36:in `call'
  activerecord (4.0.2) lib/active_record/connection_adapters/abstract/connection_pool.rb:626:in `call'
  activerecord (4.0.2) lib/active_record/migration.rb:369:in `call'
  actionpack (4.0.2) lib/action_dispatch/middleware/callbacks.rb:29:in `block in call'
  activesupport (4.0.2) lib/active_support/callbacks.rb:373:in `_run__977704904206675180__call__callbacks'
  activesupport (4.0.2) lib/active_support/callbacks.rb:80:in `run_callbacks'
  actionpack (4.0.2) lib/action_dispatch/middleware/callbacks.rb:27:in `call'
  actionpack (4.0.2) lib/action_dispatch/middleware/reloader.rb:64:in `call'
  actionpack (4.0.2) lib/action_dispatch/middleware/remote_ip.rb:76:in `call'
  actionpack (4.0.2) lib/action_dispatch/middleware/debug_exceptions.rb:17:in `call'
  actionpack (4.0.2) lib/action_dispatch/middleware/show_exceptions.rb:30:in `call'
  railties (4.0.2) lib/rails/rack/logger.rb:38:in `call_app'
  railties (4.0.2) lib/rails/rack/logger.rb:20:in `block in call'
  activesupport (4.0.2) lib/active_support/tagged_logging.rb:67:in `block in tagged'
  activesupport (4.0.2) lib/active_support/tagged_logging.rb:25:in `tagged'
  activesupport (4.0.2) lib/active_support/tagged_logging.rb:67:in `tagged'
  railties (4.0.2) lib/rails/rack/logger.rb:20:in `call'
  actionpack (4.0.2) lib/action_dispatch/middleware/request_id.rb:21:in `call'
  rack (1.5.2) lib/rack/methodoverride.rb:21:in `call'
  rack (1.5.2) lib/rack/runtime.rb:17:in `call'
  activesupport (4.0.2) lib/active_support/cache/strategy/local_cache.rb:83:in `call'
  rack (1.5.2) lib/rack/lock.rb:17:in `call'
  actionpack (4.0.2) lib/action_dispatch/middleware/static.rb:64:in `call'
  rack (1.5.2) lib/rack/sendfile.rb:112:in `call'
  railties (4.0.2) lib/rails/engine.rb:511:in `call'
  railties (4.0.2) lib/rails/application.rb:97:in `call'
  rack (1.5.2) lib/rack/lock.rb:17:in `call'
  rack (1.5.2) lib/rack/content_length.rb:14:in `call'
  rack (1.5.2) lib/rack/handler/webrick.rb:60:in `service'
  /Users/spectralnischay/.rvm/rubies/ruby-1.9.3-p429/lib/ruby/1.9.1/webrick/httpserver.rb:138:in `service'
  /Users/spectralnischay/.rvm/rubies/ruby-1.9.3-p429/lib/ruby/1.9.1/webrick/httpserver.rb:94:in `run'
  /Users/spectralnischay/.rvm/rubies/ruby-1.9.3-p429/lib/ruby/1.9.1/webrick/server.rb:191:in `block in start_thread'


  Rendered /Users/spectralnischay/.rvm/gems/ruby-1.9.3-p429@rails3tutorial2ndEd/gems/actionpack-4.0.2/lib/action_dispatch/middleware/templates/rescues/_trace.erb (1.2ms)
  Rendered /Users/spectralnischay/.rvm/gems/ruby-1.9.3-p429@rails3tutorial2ndEd/gems/actionpack-4.0.2/lib/action_dispatch/middleware/templates/routes/_route.html.erb (1.1ms)
  Rendered /Users/spectralnischay/.rvm/gems/ruby-1.9.3-p429@rails3tutorial2ndEd/gems/actionpack-4.0.2/lib/action_dispatch/middleware/templates/routes/_table.html.erb (1.1ms)
  Rendered /Users/spectralnischay/.rvm/gems/ruby-1.9.3-p429@rails3tutorial2ndEd/gems/actionpack-4.0.2/lib/action_dispatch/middleware/templates/rescues/routing_error.erb within rescues/layout (24.0ms)


Started GET "/" for 127.0.0.1 at 2014-03-22 21:10:44 -0400
Processing by DogesController#index as HTML
  [1m[35mDoge Load (0.3ms)[0m  SELECT "doges".* FROM "doges"
  Rendered doges/index.html.erb within layouts/application (1.7ms)
  Rendered layouts/_navigation_links.html.erb (0.4ms)
  Rendered layouts/_navigation.html.erb (8.0ms)
  Rendered layouts/_messages.html.erb (0.9ms)
Completed 200 OK in 5284ms (Views: 4726.9ms | ActiveRecord: 0.3ms)


Started GET "/assets/application.css?body=1" for 127.0.0.1 at 2014-03-22 21:10:50 -0400


Started GET "/assets/doges.css?body=1" for 127.0.0.1 at 2014-03-22 21:10:50 -0400


Started GET "/assets/framework_and_overrides.css?body=1" for 127.0.0.1 at 2014-03-22 21:10:50 -0400


Started GET "/assets/scaffolds.css?body=1" for 127.0.0.1 at 2014-03-22 21:10:50 -0400


Started GET "/assets/bootstrap/affix.js?body=1" for 127.0.0.1 at 2014-03-22 21:10:50 -0400


Started GET "/assets/turbolinks.js?body=1" for 127.0.0.1 at 2014-03-22 21:10:50 -0400


Started GET "/assets/jquery.js?body=1" for 127.0.0.1 at 2014-03-22 21:10:50 -0400


Started GET "/assets/jquery_ujs.js?body=1" for 127.0.0.1 at 2014-03-22 21:10:50 -0400


Started GET "/assets/bootstrap/alert.js?body=1" for 127.0.0.1 at 2014-03-22 21:10:50 -0400


Started GET "/assets/bootstrap/button.js?body=1" for 127.0.0.1 at 2014-03-22 21:10:50 -0400


Started GET "/assets/bootstrap/carousel.js?body=1" for 127.0.0.1 at 2014-03-22 21:10:50 -0400


Started GET "/assets/bootstrap/collapse.js?body=1" for 127.0.0.1 at 2014-03-22 21:10:50 -0400


Started GET "/assets/bootstrap/dropdown.js?body=1" for 127.0.0.1 at 2014-03-22 21:10:50 -0400


Started GET "/assets/bootstrap/tab.js?body=1" for 127.0.0.1 at 2014-03-22 21:10:50 -0400


Started GET "/assets/bootstrap/transition.js?body=1" for 127.0.0.1 at 2014-03-22 21:10:50 -0400


Started GET "/assets/bootstrap.js?body=1" for 127.0.0.1 at 2014-03-22 21:10:50 -0400


Started GET "/assets/bootstrap/tooltip.js?body=1" for 127.0.0.1 at 2014-03-22 21:10:50 -0400


Started GET "/assets/bootstrap/popover.js?body=1" for 127.0.0.1 at 2014-03-22 21:10:50 -0400


Started GET "/assets/bootstrap/scrollspy.js?body=1" for 127.0.0.1 at 2014-03-22 21:10:50 -0400


Started GET "/assets/bootstrap/modal.js?body=1" for 127.0.0.1 at 2014-03-22 21:10:50 -0400


Started GET "/assets/doges.js?body=1" for 127.0.0.1 at 2014-03-22 21:10:50 -0400


Started GET "/assets/application.js?body=1" for 127.0.0.1 at 2014-03-22 21:10:50 -0400


Started GET "/assets/doge.jpg" for 127.0.0.1 at 2014-03-22 21:10:50 -0400


Started GET "/" for 127.0.0.1 at 2014-03-22 21:30:37 -0400
Processing by DogesController#index as HTML
  [1m[36mDoge Load (85.4ms)[0m  [1mSELECT "doges".* FROM "doges"[0m
  Rendered doges/index.html.erb within layouts/application (431.7ms)
  Rendered layouts/_navigation_links.html.erb (0.1ms)
  Rendered layouts/_navigation.html.erb (89.5ms)
  Rendered layouts/_messages.html.erb (0.2ms)
Completed 200 OK in 28730ms (Views: 28488.6ms | ActiveRecord: 85.4ms)


Started GET "/assets/doges.css?body=1" for 127.0.0.1 at 2014-03-22 21:31:08 -0400


Started GET "/assets/application.css?body=1" for 127.0.0.1 at 2014-03-22 21:31:08 -0400


Started GET "/assets/framework_and_overrides.css?body=1" for 127.0.0.1 at 2014-03-22 21:31:08 -0400


Started GET "/assets/scaffolds.css?body=1" for 127.0.0.1 at 2014-03-22 21:31:08 -0400


Started GET "/assets/bootstrap/alert.js?body=1" for 127.0.0.1 at 2014-03-22 21:31:08 -0400


Started GET "/assets/bootstrap/affix.js?body=1" for 127.0.0.1 at 2014-03-22 21:31:08 -0400


Started GET "/assets/jquery.js?body=1" for 127.0.0.1 at 2014-03-22 21:31:08 -0400


Started GET "/assets/bootstrap/button.js?body=1" for 127.0.0.1 at 2014-03-22 21:31:08 -0400


Started GET "/assets/turbolinks.js?body=1" for 127.0.0.1 at 2014-03-22 21:31:08 -0400


Started GET "/assets/jquery_ujs.js?body=1" for 127.0.0.1 at 2014-03-22 21:31:08 -0400


Started GET "/assets/bootstrap/tab.js?body=1" for 127.0.0.1 at 2014-03-22 21:31:08 -0400


Started GET "/assets/bootstrap/carousel.js?body=1" for 127.0.0.1 at 2014-03-22 21:31:08 -0400


Started GET "/assets/bootstrap/transition.js?body=1" for 127.0.0.1 at 2014-03-22 21:31:09 -0400


Started GET "/assets/bootstrap/dropdown.js?body=1" for 127.0.0.1 at 2014-03-22 21:31:09 -0400


Started GET "/assets/bootstrap/collapse.js?body=1" for 127.0.0.1 at 2014-03-22 21:31:09 -0400


Started GET "/assets/bootstrap/scrollspy.js?body=1" for 127.0.0.1 at 2014-03-22 21:31:09 -0400


Started GET "/assets/bootstrap/tooltip.js?body=1" for 127.0.0.1 at 2014-03-22 21:31:09 -0400


Started GET "/assets/bootstrap/popover.js?body=1" for 127.0.0.1 at 2014-03-22 21:31:09 -0400


Started GET "/assets/bootstrap.js?body=1" for 127.0.0.1 at 2014-03-22 21:31:10 -0400


Started GET "/assets/bootstrap/modal.js?body=1" for 127.0.0.1 at 2014-03-22 21:31:10 -0400


Started GET "/assets/application.js?body=1" for 127.0.0.1 at 2014-03-22 21:31:10 -0400


Started GET "/assets/doges.js?body=1" for 127.0.0.1 at 2014-03-22 21:31:10 -0400


Started GET "/assets/doge.jpg" for 127.0.0.1 at 2014-03-22 21:31:13 -0400


Started GET "/" for 127.0.0.1 at 2014-03-22 22:06:20 -0400
Processing by DogesController#index as HTML
  [1m[35mDoge Load (44.7ms)[0m  SELECT "doges".* FROM "doges"
  Rendered doges/index.html.erb within layouts/application (46.3ms)
  Rendered layouts/_navigation_links.html.erb (0.1ms)
  Rendered layouts/_navigation.html.erb (53.3ms)
  Rendered layouts/_messages.html.erb (0.1ms)
Completed 200 OK in 551ms (Views: 453.7ms | ActiveRecord: 44.7ms)


Started GET "/assets/doges.css?body=1" for 127.0.0.1 at 2014-03-22 22:06:22 -0400


Started GET "/assets/application.css?body=1" for 127.0.0.1 at 2014-03-22 22:06:22 -0400


Started GET "/assets/scaffolds.css?body=1" for 127.0.0.1 at 2014-03-22 22:06:22 -0400


Started GET "/assets/framework_and_overrides.css?body=1" for 127.0.0.1 at 2014-03-22 22:06:22 -0400


Started GET "/assets/turbolinks.js?body=1" for 127.0.0.1 at 2014-03-22 22:06:22 -0400


Started GET "/assets/bootstrap/affix.js?body=1" for 127.0.0.1 at 2014-03-22 22:06:22 -0400


Started GET "/assets/bootstrap/alert.js?body=1" for 127.0.0.1 at 2014-03-22 22:06:22 -0400


Started GET "/assets/bootstrap/button.js?body=1" for 127.0.0.1 at 2014-03-22 22:06:23 -0400


Started GET "/assets/bootstrap/carousel.js?body=1" for 127.0.0.1 at 2014-03-22 22:06:23 -0400


Started GET "/assets/jquery_ujs.js?body=1" for 127.0.0.1 at 2014-03-22 22:06:23 -0400


Started GET "/assets/bootstrap/transition.js?body=1" for 127.0.0.1 at 2014-03-22 22:06:23 -0400


Started GET "/assets/bootstrap/tab.js?body=1" for 127.0.0.1 at 2014-03-22 22:06:24 -0400


Started GET "/assets/bootstrap/collapse.js?body=1" for 127.0.0.1 at 2014-03-22 22:06:24 -0400


Started GET "/assets/bootstrap/tooltip.js?body=1" for 127.0.0.1 at 2014-03-22 22:06:24 -0400


Started GET "/assets/bootstrap/scrollspy.js?body=1" for 127.0.0.1 at 2014-03-22 22:06:24 -0400


Started GET "/assets/bootstrap/popover.js?body=1" for 127.0.0.1 at 2014-03-22 22:06:24 -0400


Started GET "/assets/bootstrap/dropdown.js?body=1" for 127.0.0.1 at 2014-03-22 22:06:24 -0400


Started GET "/assets/jquery.js?body=1" for 127.0.0.1 at 2014-03-22 22:06:24 -0400


Started GET "/assets/application.js?body=1" for 127.0.0.1 at 2014-03-22 22:06:24 -0400


Started GET "/assets/doges.js?body=1" for 127.0.0.1 at 2014-03-22 22:06:24 -0400


Started GET "/assets/bootstrap/modal.js?body=1" for 127.0.0.1 at 2014-03-22 22:06:24 -0400


Started GET "/assets/bootstrap.js?body=1" for 127.0.0.1 at 2014-03-22 22:06:24 -0400


Started GET "/assets/doge.jpg" for 127.0.0.1 at 2014-03-22 22:06:25 -0400


Started GET "/" for 127.0.0.1 at 2014-03-22 22:09:35 -0400
Processing by DogesController#index as HTML
  [1m[36mDoge Load (34.3ms)[0m  [1mSELECT "doges".* FROM "doges"[0m
  Rendered doges/index.html.erb within layouts/application (35.3ms)
  Rendered layouts/_navigation_links.html.erb (0.1ms)
  Rendered layouts/_navigation.html.erb (13.7ms)
  Rendered layouts/_messages.html.erb (0.0ms)
Completed 200 OK in 126ms (Views: 91.6ms | ActiveRecord: 34.3ms)


Started GET "/assets/application.css?body=1" for 127.0.0.1 at 2014-03-22 22:09:35 -0400


Started GET "/assets/jquery.js?body=1" for 127.0.0.1 at 2014-03-22 22:09:35 -0400


Started GET "/assets/scaffolds.css?body=1" for 127.0.0.1 at 2014-03-22 22:09:35 -0400


Started GET "/assets/framework_and_overrides.css?body=1" for 127.0.0.1 at 2014-03-22 22:09:35 -0400


Started GET "/assets/doges.css?body=1" for 127.0.0.1 at 2014-03-22 22:09:35 -0400


Started GET "/assets/jquery_ujs.js?body=1" for 127.0.0.1 at 2014-03-22 22:09:35 -0400


Started GET "/assets/turbolinks.js?body=1" for 127.0.0.1 at 2014-03-22 22:09:35 -0400


Started GET "/assets/bootstrap/affix.js?body=1" for 127.0.0.1 at 2014-03-22 22:09:35 -0400


Started GET "/assets/bootstrap/alert.js?body=1" for 127.0.0.1 at 2014-03-22 22:09:36 -0400


Started GET "/assets/bootstrap/button.js?body=1" for 127.0.0.1 at 2014-03-22 22:09:36 -0400


Started GET "/assets/bootstrap/carousel.js?body=1" for 127.0.0.1 at 2014-03-22 22:09:36 -0400


Started GET "/assets/bootstrap/collapse.js?body=1" for 127.0.0.1 at 2014-03-22 22:09:36 -0400


Started GET "/assets/bootstrap/dropdown.js?body=1" for 127.0.0.1 at 2014-03-22 22:09:36 -0400


Started GET "/assets/bootstrap/tab.js?body=1" for 127.0.0.1 at 2014-03-22 22:09:36 -0400


Started GET "/assets/bootstrap/transition.js?body=1" for 127.0.0.1 at 2014-03-22 22:09:36 -0400


Started GET "/assets/bootstrap/scrollspy.js?body=1" for 127.0.0.1 at 2014-03-22 22:09:36 -0400


Started GET "/assets/bootstrap/modal.js?body=1" for 127.0.0.1 at 2014-03-22 22:09:36 -0400


Started GET "/assets/bootstrap/tooltip.js?body=1" for 127.0.0.1 at 2014-03-22 22:09:36 -0400


Started GET "/assets/bootstrap/popover.js?body=1" for 127.0.0.1 at 2014-03-22 22:09:36 -0400


Started GET "/assets/doges.js?body=1" for 127.0.0.1 at 2014-03-22 22:09:36 -0400


Started GET "/assets/bootstrap.js?body=1" for 127.0.0.1 at 2014-03-22 22:09:36 -0400


Started GET "/assets/application.js?body=1" for 127.0.0.1 at 2014-03-22 22:09:36 -0400


Started GET "/" for 127.0.0.1 at 2014-03-22 22:11:04 -0400
Processing by DogesController#index as HTML
  [1m[35mDoge Load (0.1ms)[0m  SELECT "doges".* FROM "doges"
  Rendered doges/index.html.erb within layouts/application (0.6ms)
  Rendered layouts/_navigation_links.html.erb (0.1ms)
  Rendered layouts/_navigation.html.erb (86.6ms)
  Rendered layouts/_messages.html.erb (0.1ms)
Completed 200 OK in 108ms (Views: 107.6ms | ActiveRecord: 0.1ms)


Started GET "/assets/application.css?body=1" for 127.0.0.1 at 2014-03-22 22:11:04 -0400


Started GET "/assets/doges.css?body=1" for 127.0.0.1 at 2014-03-22 22:11:04 -0400


Started GET "/assets/framework_and_overrides.css?body=1" for 127.0.0.1 at 2014-03-22 22:11:04 -0400


Started GET "/assets/jquery.js?body=1" for 127.0.0.1 at 2014-03-22 22:11:04 -0400


Started GET "/assets/scaffolds.css?body=1" for 127.0.0.1 at 2014-03-22 22:11:04 -0400


Started GET "/assets/jquery_ujs.js?body=1" for 127.0.0.1 at 2014-03-22 22:11:04 -0400


Started GET "/assets/turbolinks.js?body=1" for 127.0.0.1 at 2014-03-22 22:11:04 -0400


Started GET "/assets/bootstrap/affix.js?body=1" for 127.0.0.1 at 2014-03-22 22:11:04 -0400


Started GET "/assets/bootstrap/alert.js?body=1" for 127.0.0.1 at 2014-03-22 22:11:04 -0400


Started GET "/assets/bootstrap/button.js?body=1" for 127.0.0.1 at 2014-03-22 22:11:04 -0400


Started GET "/assets/bootstrap/carousel.js?body=1" for 127.0.0.1 at 2014-03-22 22:11:04 -0400


Started GET "/assets/bootstrap/collapse.js?body=1" for 127.0.0.1 at 2014-03-22 22:11:04 -0400


Started GET "/assets/bootstrap/dropdown.js?body=1" for 127.0.0.1 at 2014-03-22 22:11:04 -0400


Started GET "/assets/bootstrap/transition.js?body=1" for 127.0.0.1 at 2014-03-22 22:11:04 -0400


Started GET "/assets/bootstrap/tab.js?body=1" for 127.0.0.1 at 2014-03-22 22:11:04 -0400


Started GET "/assets/bootstrap/scrollspy.js?body=1" for 127.0.0.1 at 2014-03-22 22:11:04 -0400


Started GET "/assets/bootstrap/modal.js?body=1" for 127.0.0.1 at 2014-03-22 22:11:04 -0400


Started GET "/assets/bootstrap/popover.js?body=1" for 127.0.0.1 at 2014-03-22 22:11:04 -0400


Started GET "/assets/bootstrap/tooltip.js?body=1" for 127.0.0.1 at 2014-03-22 22:11:04 -0400


Started GET "/assets/bootstrap.js?body=1" for 127.0.0.1 at 2014-03-22 22:11:04 -0400


Started GET "/assets/doges.js?body=1" for 127.0.0.1 at 2014-03-22 22:11:04 -0400


Started GET "/assets/application.js?body=1" for 127.0.0.1 at 2014-03-22 22:11:04 -0400


Started GET "/" for 127.0.0.1 at 2014-03-22 22:11:08 -0400
Processing by DogesController#index as HTML
  [1m[36mDoge Load (0.1ms)[0m  [1mSELECT "doges".* FROM "doges"[0m
  Rendered doges/index.html.erb within layouts/application (0.6ms)
  Rendered layouts/_navigation_links.html.erb (0.0ms)
  Rendered layouts/_navigation.html.erb (0.8ms)
  Rendered layouts/_messages.html.erb (0.0ms)
Completed 200 OK in 12ms (Views: 11.3ms | ActiveRecord: 0.1ms)


Started GET "/assets/application.css?body=1" for 127.0.0.1 at 2014-03-22 22:11:09 -0400


Started GET "/assets/framework_and_overrides.css?body=1" for 127.0.0.1 at 2014-03-22 22:11:09 -0400


Started GET "/assets/doges.css?body=1" for 127.0.0.1 at 2014-03-22 22:11:09 -0400


Started GET "/assets/scaffolds.css?body=1" for 127.0.0.1 at 2014-03-22 22:11:09 -0400


Started GET "/assets/jquery.js?body=1" for 127.0.0.1 at 2014-03-22 22:11:09 -0400


Started GET "/assets/jquery_ujs.js?body=1" for 127.0.0.1 at 2014-03-22 22:11:09 -0400


Started GET "/assets/turbolinks.js?body=1" for 127.0.0.1 at 2014-03-22 22:11:09 -0400


Started GET "/assets/bootstrap/affix.js?body=1" for 127.0.0.1 at 2014-03-22 22:11:09 -0400


Started GET "/assets/bootstrap/alert.js?body=1" for 127.0.0.1 at 2014-03-22 22:11:09 -0400


Started GET "/assets/bootstrap/button.js?body=1" for 127.0.0.1 at 2014-03-22 22:11:09 -0400


Started GET "/assets/bootstrap/carousel.js?body=1" for 127.0.0.1 at 2014-03-22 22:11:09 -0400


Started GET "/assets/bootstrap/collapse.js?body=1" for 127.0.0.1 at 2014-03-22 22:11:09 -0400


Started GET "/assets/bootstrap/dropdown.js?body=1" for 127.0.0.1 at 2014-03-22 22:11:09 -0400


Started GET "/assets/bootstrap/tab.js?body=1" for 127.0.0.1 at 2014-03-22 22:11:09 -0400


Started GET "/assets/bootstrap/scrollspy.js?body=1" for 127.0.0.1 at 2014-03-22 22:11:09 -0400


Started GET "/assets/bootstrap/transition.js?body=1" for 127.0.0.1 at 2014-03-22 22:11:09 -0400


Started GET "/assets/bootstrap/modal.js?body=1" for 127.0.0.1 at 2014-03-22 22:11:09 -0400


Started GET "/assets/bootstrap/tooltip.js?body=1" for 127.0.0.1 at 2014-03-22 22:11:09 -0400


Started GET "/assets/bootstrap/popover.js?body=1" for 127.0.0.1 at 2014-03-22 22:11:09 -0400


Started GET "/assets/bootstrap.js?body=1" for 127.0.0.1 at 2014-03-22 22:11:09 -0400


Started GET "/assets/doges.js?body=1" for 127.0.0.1 at 2014-03-22 22:11:09 -0400


Started GET "/assets/application.js?body=1" for 127.0.0.1 at 2014-03-22 22:11:09 -0400


Started GET "/doges/new" for 127.0.0.1 at 2014-03-22 22:11:16 -0400
Processing by DogesController#new as HTML
  Rendered doges/_form.html.erb (853.2ms)
  Rendered doges/new.html.erb within layouts/application (887.9ms)
  Rendered layouts/_navigation_links.html.erb (0.4ms)
  Rendered layouts/_navigation.html.erb (15.2ms)
  Rendered layouts/_messages.html.erb (0.5ms)
Completed 200 OK in 979ms (Views: 956.5ms | ActiveRecord: 0.6ms)


Started GET "/" for 127.0.0.1 at 2014-03-30 14:25:24 -0400
  [1m[36mActiveRecord::SchemaMigration Load (0.9ms)[0m  [1mSELECT "schema_migrations".* FROM "schema_migrations"[0m
Processing by DogesController#index as HTML
  [1m[35mDoge Load (0.5ms)[0m  SELECT "doges".* FROM "doges"
  Rendered doges/index.html.erb within layouts/application (5.1ms)
  Rendered layouts/_navigation_links.html.erb (0.4ms)
  Rendered layouts/_navigation.html.erb (2.7ms)
  Rendered layouts/_messages.html.erb (0.7ms)
Completed 200 OK in 694ms (Views: 652.7ms | ActiveRecord: 0.5ms)


Started GET "/assets/application.css?body=1" for 127.0.0.1 at 2014-03-30 14:25:26 -0400


Started GET "/assets/framework_and_overrides.css?body=1" for 127.0.0.1 at 2014-03-30 14:25:26 -0400


Started GET "/assets/doges.css?body=1" for 127.0.0.1 at 2014-03-30 14:25:26 -0400


Started GET "/assets/jquery_ujs.js?body=1" for 127.0.0.1 at 2014-03-30 14:25:26 -0400


Started GET "/assets/jquery.js?body=1" for 127.0.0.1 at 2014-03-30 14:25:26 -0400


Started GET "/assets/scaffolds.css?body=1" for 127.0.0.1 at 2014-03-30 14:25:26 -0400


Started GET "/assets/turbolinks.js?body=1" for 127.0.0.1 at 2014-03-30 14:25:26 -0400


Started GET "/assets/bootstrap/affix.js?body=1" for 127.0.0.1 at 2014-03-30 14:25:26 -0400


Started GET "/assets/bootstrap/alert.js?body=1" for 127.0.0.1 at 2014-03-30 14:25:26 -0400


Started GET "/assets/bootstrap/button.js?body=1" for 127.0.0.1 at 2014-03-30 14:25:26 -0400


Started GET "/assets/bootstrap/carousel.js?body=1" for 127.0.0.1 at 2014-03-30 14:25:26 -0400


Started GET "/assets/bootstrap/dropdown.js?body=1" for 127.0.0.1 at 2014-03-30 14:25:26 -0400


Started GET "/assets/bootstrap/tab.js?body=1" for 127.0.0.1 at 2014-03-30 14:25:26 -0400


Started GET "/assets/bootstrap/collapse.js?body=1" for 127.0.0.1 at 2014-03-30 14:25:26 -0400


Started GET "/assets/bootstrap/transition.js?body=1" for 127.0.0.1 at 2014-03-30 14:25:26 -0400


Started GET "/assets/bootstrap/modal.js?body=1" for 127.0.0.1 at 2014-03-30 14:25:26 -0400


Started GET "/assets/bootstrap/scrollspy.js?body=1" for 127.0.0.1 at 2014-03-30 14:25:26 -0400


Started GET "/assets/bootstrap/tooltip.js?body=1" for 127.0.0.1 at 2014-03-30 14:25:26 -0400


Started GET "/assets/bootstrap/popover.js?body=1" for 127.0.0.1 at 2014-03-30 14:25:26 -0400


Started GET "/assets/bootstrap.js?body=1" for 127.0.0.1 at 2014-03-30 14:25:26 -0400


Started GET "/assets/doges.js?body=1" for 127.0.0.1 at 2014-03-30 14:25:26 -0400


Started GET "/assets/application.js?body=1" for 127.0.0.1 at 2014-03-30 14:25:26 -0400


Started GET "/assets/doge.jpg" for 127.0.0.1 at 2014-03-30 14:25:26 -0400
